<?xml version="1.0" encoding="UTF-8"?>
<!-- Generated by org.testng.reporters.JUnitXMLReporter -->
<testsuite ignored="1" hostname="MEHFOOZ-PC" failures="0" tests="6" name="Default test" time="0.144" errors="0" timestamp="2022-11-08T10:54:52 IST">
  <testcase classname="moduleNameTestng.ClassA" name="demo1" time="0.018"/>
  <testcase classname="moduleNameTestng.ClassA" name="demo1" time="0.003"/>
  <testcase classname="moduleNameTestng.ClassA" name="demo1" time="0.006"/>
  <testcase classname="moduleNameTestng.ClassA" name="demo1" time="0.013"/>
  <testcase classname="moduleNameTestng.ClassA" name="demo1" time="0.005"/>
  <testcase classname="moduleNameTestng.ClassA" name="demo3" time="0.002"/>
  <testcase classname="moduleNameTestng.ClassA" name="demo2" time="0.0">
    <ignored/>
  </testcase> <!-- demo2 -->
</testsuite> <!-- Default test -->
